{
  "RSpec": {
    "coverage": {
      "/home/xpuser/mauro-quaglia/cartesius/spec/acceptance/ellipse_spec.rb": [
        1,
        1,
        1,
        null,
        1,
        null,
        1,
        null,
        1,
        null,
        1,
        1,
        1,
        1,
        1,
        1,
        1,
        1,
        1,
        1,
        null,
        null,
        null,
        1,
        1,
        null,
        null,
        1,
        null,
        1,
        null,
        1,
        1,
        1,
        1,
        1,
        1,
        1,
        1,
        1,
        1,
        null,
        null,
        null,
        1,
        1,
        null,
        null,
        1,
        null,
        1,
        null,
        1,
        1,
        1,
        1,
        1,
        1,
        1,
        1,
        1,
        1,
        null,
        null,
        null,
        1,
        1,
        null,
        null,
        1,
        null,
        1,
        null,
        1,
        1,
        1,
        1,
        1,
        1,
        1,
        1,
        1,
        1,
        null,
        null,
        null,
        1,
        1,
        null,
        null,
        null
      ],
      "/home/xpuser/mauro-quaglia/cartesius/lib/cartesius/models/ellipse.rb": [
        1,
        1,
        1,
        1,
        1,
        1,
        null,
        1,
        null,
        1,
        1,
        null,
        null,
        null,
        1,
        47,
        47,
        47,
        null,
        null,
        1,
        19,
        1,
        null,
        null,
        18,
        1,
        null,
        null,
        17,
        17,
        1,
        null,
        null,
        16,
        16,
        16,
        12,
        12,
        null,
        16,
        4,
        4,
        null,
        null,
        16,
        null,
        null,
        1,
        6,
        1,
        null,
        null,
        5,
        1,
        null,
        null,
        4,
        4,
        null,
        4,
        null,
        null,
        1,
        7,
        1,
        null,
        null,
        6,
        6,
        null,
        6,
        6,
        null,
        null,
        null,
        null,
        null,
        2,
        null,
        null,
        4,
        4,
        null,
        4,
        null,
        null,
        1,
        38,
        20,
        null,
        18,
        null,
        null,
        null,
        1,
        36,
        19,
        null,
        17,
        null,
        null,
        null,
        1,
        12,
        null,
        null,
        1,
        184,
        null,
        null,
        1,
        24,
        12,
        null,
        12,
        null,
        null,
        null,
        1,
        28,
        null,
        null,
        1,
        28,
        null,
        null,
        1,
        12,
        null,
        null,
        1,
        4,
        null,
        null,
        1,
        null,
        4,
        null,
        null,
        null,
        null,
        null,
        null,
        1,
        8,
        null,
        null,
        1,
        null,
        3,
        null,
        null,
        1,
        null,
        6,
        null,
        null,
        1,
        4,
        null,
        null,
        null,
        null,
        1,
        null,
        1,
        47,
        13,
        null,
        null,
        null,
        null,
        null,
        null
      ],
      "/home/xpuser/mauro-quaglia/cartesius/lib/cartesius/models/conic.rb": [
        1,
        null,
        1,
        1,
        null,
        null,
        1,
        136,
        136,
        136,
        null,
        null,
        null,
        1,
        0,
        null,
        null,
        1,
        null,
        1,
        32,
        null,
        null,
        null,
        null
      ],
      "/home/xpuser/mauro-quaglia/cartesius/lib/cartesius/modules/numerificator.rb": [
        1,
        null,
        1,
        null,
        1,
        84,
        null,
        15,
        4,
        null,
        null,
        15,
        15,
        51,
        12,
        null,
        39,
        null,
        null,
        15,
        null,
        15,
        null,
        null,
        1,
        11,
        8,
        null,
        3,
        null,
        null,
        1,
        55,
        51,
        null,
        4,
        null,
        55,
        null,
        null,
        1,
        200,
        null,
        null,
        1,
        58,
        null,
        null,
        null
      ],
      "/home/xpuser/mauro-quaglia/cartesius/lib/cartesius/models/segment.rb": [
        1,
        1,
        null,
        1,
        null,
        1,
        1,
        null,
        1,
        38,
        38,
        null,
        null,
        1,
        1,
        null,
        null,
        1,
        5,
        null,
        null,
        1,
        23,
        null,
        null,
        null,
        null,
        null,
        1,
        2,
        null,
        null,
        1,
        null,
        3,
        null,
        null,
        1,
        4,
        1,
        null,
        null,
        3,
        5,
        null,
        null,
        1,
        null,
        1,
        38,
        1,
        null,
        null,
        null,
        null,
        null,
        null
      ],
      "/home/xpuser/mauro-quaglia/cartesius/lib/cartesius/models/point.rb": [
        1,
        null,
        1,
        null,
        1,
        1,
        1,
        null,
        1,
        821,
        null,
        null,
        1,
        94,
        null,
        null,
        1,
        44,
        44,
        null,
        null,
        null,
        1,
        2,
        null,
        null,
        1,
        72,
        null,
        null,
        1,
        50,
        null,
        null,
        1,
        3,
        3,
        null,
        null,
        null,
        1,
        3,
        null,
        null,
        1,
        2,
        null,
        null,
        null,
        null,
        1,
        281,
        null,
        null,
        1,
        null,
        279,
        null,
        null,
        null,
        null,
        null
      ],
      "/home/xpuser/mauro-quaglia/cartesius/lib/cartesius/models/line.rb": [
        1,
        null,
        1,
        null,
        1,
        1,
        1,
        1,
        null,
        1,
        110,
        110,
        null,
        null,
        1,
        17,
        null,
        null,
        1,
        46,
        null,
        null,
        1,
        21,
        null,
        null,
        1,
        8,
        1,
        null,
        null,
        7,
        1,
        null,
        null,
        6,
        1,
        null,
        null,
        5,
        5,
        null,
        5,
        null,
        null,
        1,
        16,
        null,
        null,
        1,
        11,
        null,
        null,
        1,
        11,
        null,
        null,
        1,
        6,
        null,
        null,
        1,
        153,
        null,
        null,
        1,
        72,
        null,
        null,
        1,
        3,
        null,
        null,
        1,
        3,
        null,
        null,
        1,
        3,
        null,
        null,
        1,
        2,
        null,
        null,
        1,
        14,
        null,
        null,
        1,
        23,
        null,
        null,
        1,
        4,
        null,
        null,
        1,
        4,
        null,
        null,
        1,
        4,
        null,
        null,
        1,
        6,
        null,
        null,
        1,
        4,
        1,
        null,
        3,
        1,
        null,
        2,
        null,
        null,
        1,
        16,
        2,
        null,
        14,
        null,
        null,
        1,
        4,
        null,
        null,
        1,
        9,
        null,
        null,
        1,
        3,
        null,
        null,
        null,
        null,
        1,
        32,
        null,
        null,
        1,
        null,
        30,
        null,
        null,
        1,
        null,
        1,
        110,
        2,
        null,
        null,
        null,
        null,
        null
      ],
      "/home/xpuser/mauro-quaglia/cartesius/lib/cartesius/modules/determinator.rb": [
        1,
        null,
        1,
        null,
        1,
        1920,
        null,
        null,
        1,
        270,
        null,
        null,
        1,
        257,
        null,
        null,
        1,
        693,
        null,
        null,
        null
      ],
      "/home/xpuser/mauro-quaglia/cartesius/lib/cartesius/modules/normalizator.rb": [
        1,
        null,
        1,
        null,
        1,
        83,
        495,
        null,
        null,
        null
      ],
      "/home/xpuser/mauro-quaglia/cartesius/lib/cartesius/support/cramer.rb": [
        1,
        null,
        1,
        null,
        1,
        2,
        null,
        2,
        2,
        1,
        null,
        null,
        1,
        null,
        null,
        null,
        null,
        1,
        null,
        null,
        1,
        18,
        null,
        18,
        18,
        7,
        null,
        null,
        11,
        null,
        null,
        null,
        null,
        11,
        null,
        null,
        null,
        null,
        11,
        null,
        null,
        1,
        6,
        null,
        6,
        6,
        1,
        null,
        null,
        5,
        null,
        null,
        null,
        null,
        5,
        null,
        null,
        null,
        null,
        5,
        null,
        null,
        null,
        null,
        5,
        null,
        null
      ],
      "/home/xpuser/mauro-quaglia/cartesius/spec/acceptance/hyperbola_spec.rb": [
        1,
        1,
        1,
        null,
        1,
        null,
        1,
        null,
        0,
        null,
        0,
        0,
        0,
        0,
        0,
        0,
        0,
        0,
        0,
        0,
        null,
        null,
        null,
        0,
        0,
        null,
        null,
        1,
        null,
        0,
        null,
        0,
        0,
        0,
        0,
        0,
        0,
        0,
        0,
        0,
        0,
        null,
        null,
        null,
        0,
        0,
        null,
        null,
        1,
        null,
        0,
        null,
        0,
        0,
        0,
        0,
        0,
        0,
        0,
        0,
        0,
        0,
        null,
        null,
        null,
        0,
        0,
        null,
        null,
        1,
        null,
        0,
        null,
        0,
        0,
        0,
        0,
        0,
        0,
        0,
        0,
        0,
        0,
        null,
        null,
        null,
        0,
        0,
        null,
        null,
        null
      ],
      "/home/xpuser/mauro-quaglia/cartesius/spec/lib/cartesius/models/circumference_spec.rb": [
        1,
        1,
        1,
        null,
        1,
        null,
        1,
        null,
        1,
        null,
        1,
        null,
        2,
        null,
        null,
        1,
        null,
        2,
        null,
        null,
        null,
        null,
        1,
        null,
        1,
        null,
        2,
        null,
        null,
        1,
        null,
        2,
        null,
        null,
        null,
        null,
        1,
        null,
        1,
        null,
        2,
        null,
        null,
        1,
        null,
        2,
        null,
        null,
        null,
        null,
        null,
        null,
        1,
        null,
        1,
        1,
        null,
        1,
        1,
        null,
        null,
        null,
        null,
        1,
        null,
        1,
        1,
        null,
        null,
        null,
        null,
        null,
        null,
        1,
        null,
        1,
        1,
        null,
        1,
        null,
        null,
        null,
        null,
        1,
        1,
        null,
        1,
        null,
        null,
        null,
        null,
        null,
        null,
        1,
        null,
        1,
        1,
        null,
        1,
        1,
        null,
        null,
        1,
        1,
        null,
        1,
        1,
        null,
        null,
        null,
        null,
        1,
        null,
        1,
        1,
        null,
        1,
        1,
        null,
        null,
        1,
        1,
        null,
        1,
        1,
        null,
        null,
        null,
        null,
        1,
        null,
        1,
        null,
        1,
        1,
        1,
        null,
        null,
        1,
        1,
        null,
        null,
        1,
        1,
        null,
        null,
        null,
        1,
        1,
        1,
        null,
        null,
        null,
        null,
        null,
        1,
        1,
        null,
        1,
        1,
        null,
        null,
        1,
        1,
        null,
        1,
        1,
        null,
        null,
        null,
        null,
        1,
        null,
        1,
        1,
        null,
        1,
        null,
        null,
        1,
        1,
        1,
        null,
        1,
        null,
        null,
        null,
        null,
        1,
        1,
        1,
        null,
        1,
        null,
        null,
        null,
        null,
        null,
        null,
        1,
        null,
        1,
        1,
        null,
        1,
        null,
        null,
        1,
        1,
        null,
        1,
        null,
        null,
        null,
        null,
        null
      ],
      "/home/xpuser/mauro-quaglia/cartesius/lib/cartesius/models/circumference.rb": [
        1,
        1,
        1,
        1,
        1,
        null,
        1,
        null,
        1,
        1,
        null,
        null,
        null,
        1,
        25,
        25,
        null,
        null,
        1,
        11,
        11,
        11,
        null,
        11,
        null,
        null,
        1,
        2,
        null,
        null,
        1,
        6,
        3,
        null,
        null,
        3,
        3,
        1,
        null,
        null,
        2,
        null,
        null,
        null,
        2,
        null,
        null,
        2,
        null,
        null,
        null,
        1,
        5,
        null,
        null,
        1,
        11,
        null,
        null,
        1,
        13,
        null,
        null,
        1,
        2,
        null,
        null,
        1,
        null,
        3,
        null,
        null,
        1,
        3,
        1,
        null,
        null,
        2,
        null,
        null,
        1,
        2,
        null,
        null,
        null,
        null,
        1,
        null,
        1,
        25,
        4,
        null,
        null,
        null,
        null,
        null
      ],
      "/home/xpuser/mauro-quaglia/cartesius/spec/lib/cartesius/models/ellipse_spec.rb": [
        1,
        1,
        1,
        null,
        1,
        null,
        1,
        null,
        1,
        null,
        1,
        null,
        2,
        null,
        null,
        1,
        null,
        2,
        null,
        null,
        null,
        null,
        1,
        null,
        1,
        null,
        2,
        null,
        null,
        1,
        null,
        2,
        null,
        null,
        null,
        null,
        1,
        null,
        1,
        null,
        2,
        null,
        null,
        1,
        null,
        2,
        null,
        null,
        null,
        null,
        1,
        null,
        1,
        null,
        2,
        null,
        null,
        1,
        null,
        2,
        null,
        null,
        null,
        null,
        1,
        null,
        1,
        null,
        2,
        null,
        null,
        1,
        null,
        2,
        null,
        null,
        null,
        null,
        1,
        null,
        1,
        null,
        2,
        null,
        null,
        1,
        null,
        2,
        null,
        null,
        null,
        null,
        1,
        null,
        1,
        null,
        2,
        null,
        null,
        1,
        null,
        2,
        null,
        null,
        null,
        null,
        1,
        null,
        1,
        null,
        2,
        null,
        null,
        null,
        null,
        null,
        null,
        1,
        null,
        1,
        1,
        1,
        null,
        null,
        null,
        1,
        1,
        1,
        null,
        null,
        null,
        1,
        1,
        1,
        null,
        null,
        null,
        1,
        null,
        1,
        null,
        1,
        1,
        1,
        null,
        null,
        1,
        null,
        1,
        null,
        1,
        1,
        1,
        null,
        null,
        1,
        null,
        1,
        null,
        1,
        1,
        1,
        null,
        null,
        1,
        null,
        1,
        null,
        1,
        1,
        1,
        null,
        null,
        null,
        null,
        1,
        null,
        1,
        1,
        1,
        null,
        null,
        null,
        1,
        1,
        1,
        null,
        null,
        null,
        1,
        null,
        1,
        null,
        1,
        1,
        1,
        null,
        null,
        1,
        null,
        1,
        null,
        1,
        1,
        1,
        null,
        null,
        1,
        null,
        1,
        null,
        1,
        1,
        1,
        null,
        null,
        1,
        null,
        1,
        null,
        1,
        1,
        1,
        null,
        null,
        null,
        null,
        1,
        null,
        1,
        1,
        1,
        null,
        null,
        null,
        null,
        1,
        1,
        1,
        null,
        null,
        null,
        null,
        1,
        null,
        1,
        null,
        null,
        1,
        1,
        1,
        null,
        null,
        1,
        null,
        1,
        null,
        null,
        1,
        1,
        1,
        null,
        null,
        1,
        1,
        1,
        null,
        null,
        null,
        null,
        1,
        null,
        1,
        null,
        null,
        1,
        1,
        1,
        null,
        null,
        1,
        null,
        1,
        null,
        null,
        1,
        1,
        1,
        null,
        null,
        null,
        null,
        1,
        null,
        1,
        3,
        null,
        null,
        1,
        1,
        null,
        null,
        1,
        1,
        null,
        1,
        null,
        null,
        1,
        1,
        null,
        1,
        null,
        null,
        null,
        null,
        1,
        null,
        1,
        4,
        null,
        null,
        1,
        1,
        null,
        null,
        1,
        1,
        null,
        1,
        null,
        null,
        1,
        1,
        null,
        1,
        null,
        null,
        1,
        1,
        null,
        1,
        null,
        null,
        1,
        1,
        null,
        1,
        1,
        null,
        null,
        1,
        1,
        null,
        1,
        1,
        null,
        null,
        null,
        null,
        null
      ],
      "/home/xpuser/mauro-quaglia/cartesius/spec/lib/cartesius/models/hyperbola_spec.rb": [
        1,
        1,
        1,
        null,
        1,
        null,
        1,
        null,
        1,
        null,
        1,
        null,
        2,
        null,
        null,
        1,
        null,
        2,
        null,
        null,
        null,
        null,
        1,
        null,
        1,
        null,
        2,
        null,
        null,
        1,
        null,
        2,
        null,
        null,
        null,
        null,
        1,
        null,
        1,
        null,
        2,
        null,
        null,
        1,
        null,
        2,
        null,
        null,
        null,
        null,
        1,
        null,
        1,
        null,
        2,
        null,
        null,
        1,
        null,
        2,
        null,
        null,
        null,
        null,
        1,
        null,
        1,
        null,
        2,
        null,
        null,
        1,
        null,
        2,
        null,
        null,
        null,
        null,
        1,
        null,
        1,
        null,
        2,
        null,
        null,
        1,
        null,
        2,
        null,
        null,
        null,
        null,
        1,
        null,
        1,
        null,
        2,
        null,
        null,
        1,
        null,
        2,
        null,
        null,
        null,
        null,
        1,
        null,
        1,
        null,
        2,
        null,
        null,
        null,
        null,
        null,
        null,
        1,
        null,
        1,
        1,
        1,
        null,
        null,
        null,
        1,
        1,
        1,
        null,
        null,
        null,
        1,
        1,
        1,
        null,
        null,
        null,
        1,
        null,
        1,
        null,
        1,
        1,
        1,
        null,
        null,
        1,
        null,
        1,
        null,
        1,
        1,
        1,
        null,
        null,
        1,
        null,
        1,
        null,
        1,
        1,
        1,
        null,
        null,
        1,
        null,
        1,
        null,
        1,
        1,
        1,
        null,
        null,
        1,
        null,
        1,
        null,
        1,
        1,
        1,
        null,
        null,
        1,
        null,
        1,
        null,
        1,
        1,
        1,
        null,
        null,
        null,
        null,
        1,
        null,
        1,
        1,
        1,
        null,
        null,
        null,
        1,
        1,
        1,
        null,
        null,
        null,
        1,
        null,
        1,
        null,
        1,
        1,
        1,
        null,
        null,
        1,
        null,
        1,
        null,
        1,
        1,
        1,
        null,
        null,
        1,
        null,
        1,
        null,
        1,
        1,
        1,
        null,
        null,
        1,
        null,
        1,
        null,
        1,
        1,
        1,
        null,
        null,
        1,
        null,
        1,
        null,
        1,
        1,
        1,
        null,
        null,
        1,
        null,
        1,
        null,
        1,
        1,
        1,
        null,
        null,
        null,
        null,
        1,
        null,
        1,
        1,
        1,
        null,
        null,
        null,
        null,
        1,
        1,
        1,
        null,
        null,
        null,
        null,
        1,
        1,
        1,
        null,
        null,
        null,
        null,
        1,
        null,
        1,
        null,
        null,
        1,
        1,
        1,
        null,
        null,
        1,
        null,
        1,
        null,
        null,
        1,
        1,
        1,
        null,
        null,
        1,
        null,
        1,
        null,
        null,
        1,
        1,
        1,
        null,
        null,
        1,
        null,
        1,
        null,
        null,
        1,
        1,
        1,
        null,
        null,
        1,
        null,
        1,
        null,
        null,
        1,
        1,
        1,
        null,
        null,
        1,
        null,
        1,
        null,
        null,
        1,
        1,
        1,
        null,
        null,
        null,
        null,
        null,
        null
      ],
      "/home/xpuser/mauro-quaglia/cartesius/lib/cartesius/models/hyperbola.rb": [
        1,
        1,
        1,
        1,
        1,
        null,
        1,
        null,
        1,
        1,
        null,
        null,
        null,
        1,
        33,
        33,
        33,
        null,
        null,
        1,
        9,
        1,
        null,
        null,
        8,
        1,
        null,
        null,
        7,
        7,
        1,
        null,
        null,
        6,
        6,
        6,
        3,
        3,
        3,
        null,
        6,
        3,
        3,
        3,
        null,
        null,
        6,
        null,
        null,
        1,
        8,
        2,
        null,
        null,
        6,
        0,
        null,
        null,
        6,
        3,
        3,
        null,
        null,
        6,
        3,
        3,
        null,
        null,
        6,
        null,
        null,
        1,
        9,
        1,
        null,
        null,
        8,
        1,
        null,
        null,
        7,
        4,
        null,
        null,
        7,
        3,
        null,
        null,
        7,
        7,
        null,
        7,
        7,
        null,
        null,
        null,
        null,
        null,
        1,
        null,
        null,
        6,
        6,
        null,
        6,
        null,
        null,
        1,
        18,
        9,
        null,
        9,
        9,
        null,
        null,
        null,
        1,
        18,
        9,
        null,
        9,
        9,
        null,
        null,
        null,
        1,
        0,
        null,
        null,
        1,
        72,
        null,
        null,
        1,
        18,
        9,
        null,
        9,
        9,
        null,
        null,
        null,
        null,
        1,
        null,
        null,
        null,
        1,
        null,
        null,
        1,
        null,
        0,
        null,
        null,
        1,
        null,
        0,
        null,
        null,
        1,
        null,
        1,
        null,
        33,
        13,
        null,
        null,
        null,
        null,
        1,
        81,
        null,
        null,
        null,
        null,
        null
      ],
      "/home/xpuser/mauro-quaglia/cartesius/spec/lib/cartesius/models/line_spec.rb": [
        1,
        1,
        1,
        null,
        1,
        null,
        1,
        null,
        1,
        null,
        1,
        null,
        2,
        null,
        null,
        null,
        null,
        1,
        null,
        1,
        null,
        2,
        null,
        null,
        1,
        null,
        2,
        null,
        null,
        null,
        null,
        1,
        null,
        1,
        null,
        2,
        null,
        null,
        null,
        null,
        null,
        null,
        1,
        null,
        1,
        1,
        null,
        1,
        1,
        null,
        null,
        1,
        1,
        null,
        1,
        1,
        null,
        null,
        null,
        null,
        1,
        null,
        1,
        1,
        null,
        1,
        1,
        null,
        null,
        1,
        1,
        null,
        1,
        1,
        null,
        null,
        null,
        null,
        1,
        null,
        1,
        1,
        null,
        1,
        1,
        null,
        null,
        1,
        1,
        null,
        1,
        1,
        null,
        null,
        null,
        null,
        1,
        null,
        1,
        1,
        1,
        null,
        null,
        null,
        1,
        1,
        null,
        1,
        null,
        null,
        null,
        1,
        1,
        null,
        1,
        null,
        null,
        1,
        1,
        null,
        1,
        null,
        null,
        null,
        null,
        null,
        1,
        null,
        1,
        1,
        null,
        1,
        1,
        1,
        1,
        1,
        null,
        null,
        1,
        1,
        null,
        1,
        1,
        1,
        1,
        1,
        null,
        null,
        1,
        1,
        null,
        1,
        1,
        1,
        1,
        1,
        null,
        null,
        1,
        1,
        null,
        1,
        1,
        1,
        1,
        1,
        null,
        null,
        null,
        1,
        null,
        1,
        1,
        null,
        1,
        1,
        null,
        null,
        null,
        null,
        1,
        null,
        1,
        1,
        null,
        1,
        1,
        null,
        null,
        null,
        null,
        1,
        null,
        1,
        1,
        null,
        1,
        1,
        null,
        null,
        null,
        null,
        1,
        null,
        1,
        1,
        null,
        1,
        1,
        null,
        null,
        null,
        null,
        1,
        null,
        1,
        1,
        null,
        null,
        null,
        null,
        1,
        1,
        1,
        null,
        1,
        null,
        null,
        null,
        null,
        1,
        1,
        1,
        null,
        1,
        null,
        null,
        null,
        null,
        1,
        1,
        1,
        null,
        1,
        null,
        null,
        null,
        null,
        null,
        null,
        1,
        null,
        1,
        1,
        null,
        1,
        null,
        null,
        null,
        null,
        1,
        1,
        null,
        1,
        null,
        null,
        null,
        null,
        null,
        null,
        1,
        null,
        1,
        1,
        null,
        1,
        null,
        null,
        null,
        null,
        1,
        1,
        null,
        1,
        null,
        null,
        null,
        null,
        null,
        null,
        1,
        null,
        1,
        1,
        null,
        1,
        null,
        null,
        null,
        null,
        1,
        1,
        null,
        1,
        null,
        null,
        null,
        null,
        null,
        null,
        1,
        null,
        1,
        1,
        null,
        1,
        null,
        null,
        null,
        null,
        1,
        1,
        null,
        1,
        null,
        null,
        null,
        null,
        null,
        null,
        1,
        null,
        1,
        1,
        null,
        1,
        null,
        null,
        1,
        1,
        null,
        1,
        null,
        null,
        1,
        1,
        null,
        1,
        null,
        null,
        null,
        null,
        1,
        null,
        1,
        1,
        null,
        null,
        1,
        1,
        1,
        null,
        1,
        null,
        null,
        1,
        1,
        1,
        null,
        1,
        null,
        null,
        null,
        null,
        1,
        null,
        1,
        1,
        null,
        1,
        1,
        null,
        null,
        1,
        1,
        null,
        1,
        1,
        null,
        null,
        1,
        1,
        null,
        1,
        1,
        null,
        null,
        null,
        null,
        1,
        null,
        1,
        1,
        null,
        1,
        1,
        null,
        null,
        1,
        1,
        null,
        1,
        1,
        null,
        null,
        1,
        1,
        null,
        1,
        1,
        null,
        null,
        1,
        1,
        null,
        1,
        1,
        null,
        null,
        null,
        null,
        1,
        null,
        1,
        1,
        1,
        null,
        1,
        1,
        null,
        null,
        1,
        1,
        1,
        null,
        1,
        1,
        null,
        null,
        1,
        1,
        1,
        null,
        1,
        1,
        null,
        null,
        null,
        null,
        1,
        null,
        1,
        1,
        1,
        null,
        1,
        1,
        null,
        null,
        1,
        1,
        1,
        null,
        1,
        1,
        null,
        null,
        null,
        null,
        null
      ],
      "/home/xpuser/mauro-quaglia/cartesius/spec/lib/cartesius/models/parabola_spec.rb": [
        1,
        1,
        null,
        1,
        null,
        1,
        null,
        1,
        null,
        1,
        null,
        2,
        null,
        null,
        1,
        null,
        2,
        null,
        null,
        null,
        null,
        1,
        null,
        1,
        null,
        2,
        null,
        null,
        1,
        null,
        2,
        null,
        null,
        null,
        null,
        null,
        null,
        1,
        null,
        1,
        null,
        1,
        1,
        1,
        null,
        null,
        null,
        1,
        1,
        1,
        null,
        null,
        null,
        1,
        1,
        null,
        null,
        null,
        null,
        null,
        1,
        1,
        null,
        null,
        null,
        null,
        null,
        1,
        1,
        null,
        null,
        null,
        null,
        1,
        1,
        null,
        null,
        null,
        null,
        null,
        null,
        null,
        null,
        1,
        null,
        1,
        null,
        1,
        1,
        1,
        null,
        null,
        null,
        null,
        1,
        1,
        null,
        null,
        null,
        null,
        1,
        1,
        null,
        null,
        null,
        null,
        null,
        1,
        null,
        1,
        1,
        null,
        1,
        1,
        1,
        1,
        null,
        null,
        null,
        null,
        1,
        null,
        1,
        1,
        null,
        1,
        1,
        1,
        1,
        null,
        null,
        null,
        null,
        1,
        null,
        1,
        1,
        null,
        1,
        null,
        null,
        null,
        null,
        1,
        1,
        null,
        1,
        null,
        null,
        null,
        null,
        null,
        null,
        1,
        null,
        1,
        1,
        null,
        1,
        null,
        null,
        null,
        null,
        1,
        1,
        null,
        1,
        null,
        null,
        null,
        null,
        null,
        null,
        1,
        null,
        1,
        1,
        null,
        null,
        null,
        null,
        1,
        null,
        null,
        1,
        null,
        null,
        1,
        1,
        1,
        null,
        1,
        null,
        null,
        null,
        null,
        null,
        null,
        1,
        null,
        1,
        1,
        null,
        1,
        null,
        null,
        1,
        1,
        null,
        1,
        null,
        null,
        null,
        null,
        null,
        null,
        null
      ],
      "/home/xpuser/mauro-quaglia/cartesius/lib/cartesius/models/parabola.rb": [
        1,
        1,
        1,
        1,
        1,
        null,
        1,
        null,
        1,
        1,
        null,
        null,
        null,
        1,
        31,
        31,
        null,
        null,
        1,
        9,
        null,
        null,
        1,
        5,
        null,
        null,
        1,
        7,
        1,
        null,
        null,
        6,
        1,
        null,
        null,
        5,
        5,
        5,
        null,
        5,
        null,
        null,
        1,
        0,
        0,
        null,
        null,
        0,
        0,
        0,
        null,
        0,
        null,
        null,
        1,
        null,
        3,
        1,
        null,
        null,
        2,
        null,
        null,
        null,
        null,
        null,
        null,
        2,
        null,
        null,
        1,
        20,
        null,
        null,
        1,
        24,
        null,
        null,
        1,
        2,
        null,
        null,
        1,
        2,
        null,
        null,
        1,
        2,
        null,
        null,
        1,
        2,
        null,
        null,
        1,
        null,
        12,
        null,
        null,
        1,
        2,
        null,
        null,
        null,
        null,
        1,
        null,
        1,
        31,
        2,
        null,
        null,
        null,
        1,
        46,
        null,
        null,
        null,
        null
      ],
      "/home/xpuser/mauro-quaglia/cartesius/spec/lib/cartesius/models/point_spec.rb": [
        1,
        1,
        null,
        1,
        null,
        1,
        null,
        1,
        1,
        null,
        1,
        1,
        null,
        null,
        1,
        1,
        null,
        1,
        1,
        null,
        null,
        1,
        1,
        null,
        1,
        1,
        null,
        null,
        null,
        1,
        null,
        1,
        1,
        null,
        1,
        1,
        null,
        null,
        null,
        null,
        1,
        null,
        1,
        1,
        1,
        null,
        1,
        null,
        null,
        1,
        1,
        1,
        null,
        1,
        1,
        null,
        null,
        null,
        null,
        1,
        null,
        1,
        1,
        null,
        1,
        null,
        null,
        1,
        1,
        null,
        1,
        null,
        null,
        null,
        null,
        1,
        null,
        1,
        1,
        1,
        null,
        1,
        null,
        null,
        1,
        1,
        1,
        null,
        1,
        null,
        null,
        null,
        null,
        1,
        null,
        1,
        1,
        1,
        null,
        1,
        null,
        null,
        1,
        1,
        1,
        null,
        1,
        null,
        null,
        null,
        null,
        1,
        null,
        1,
        1,
        1,
        null,
        1,
        null,
        null,
        1,
        1,
        1,
        null,
        1,
        1,
        null,
        null,
        null,
        null,
        1,
        null,
        1,
        1,
        null,
        null,
        null,
        null,
        1,
        1,
        null,
        null,
        null,
        null,
        1,
        1,
        null,
        null,
        null,
        null,
        null,
        null,
        1,
        null,
        1,
        1,
        null,
        null,
        1,
        1,
        1,
        null,
        1,
        null,
        null,
        1,
        1,
        1,
        null,
        1,
        null,
        null,
        null,
        null,
        1,
        null,
        1,
        1,
        null,
        null,
        1,
        1,
        1,
        null,
        1,
        null,
        null,
        1,
        1,
        1,
        null,
        1,
        null,
        null,
        1,
        1,
        1,
        null,
        1,
        null,
        null,
        null,
        null,
        1,
        null,
        1,
        1,
        null,
        null,
        1,
        1,
        1,
        null,
        null,
        null,
        null,
        null
      ],
      "/home/xpuser/mauro-quaglia/cartesius/spec/lib/cartesius/models/segment_spec.rb": [
        1,
        1,
        null,
        1,
        null,
        1,
        null,
        1,
        null,
        1,
        2,
        null,
        null,
        null,
        null,
        null,
        null,
        1,
        null,
        1,
        1,
        null,
        null,
        null,
        1,
        null,
        null,
        null,
        null,
        1,
        null,
        1,
        1,
        null,
        null,
        null,
        1,
        1,
        null,
        null,
        null,
        null,
        1,
        null,
        1,
        1,
        null,
        null,
        null,
        1,
        null,
        null,
        1,
        1,
        null,
        null,
        null,
        1,
        null,
        null,
        null,
        1,
        null,
        null,
        1,
        1,
        null,
        null,
        null,
        1,
        null,
        null,
        null,
        1,
        null,
        null,
        null,
        1,
        1,
        null,
        null,
        null,
        null,
        1,
        null,
        1,
        1,
        null,
        null,
        null,
        1,
        null,
        null,
        1,
        1,
        null,
        null,
        null,
        1,
        null,
        null,
        null,
        1,
        null,
        null,
        1,
        1,
        null,
        null,
        null,
        1,
        null,
        null,
        null,
        1,
        null,
        null,
        null,
        null,
        1,
        null,
        1,
        1,
        null,
        null,
        null,
        1,
        null,
        null,
        null,
        null,
        1,
        null,
        1,
        1,
        null,
        null,
        null,
        1,
        null,
        null,
        null,
        null,
        null,
        null
      ],
      "/home/xpuser/mauro-quaglia/cartesius/spec/lib/cartesius/modules/normalizator_spec.rb": [
        1,
        1,
        1,
        null,
        1,
        1,
        null,
        null,
        1,
        4,
        null,
        1,
        null,
        1,
        1,
        null,
        null,
        null,
        null,
        1,
        1,
        null,
        null,
        null,
        null,
        1,
        1,
        null,
        null,
        null,
        null,
        null,
        null,
        null
      ],
      "/home/xpuser/mauro-quaglia/cartesius/spec/lib/cartesius/modules/numerificator_spec.rb": [
        1,
        1,
        null,
        1,
        1,
        null,
        null,
        1,
        18,
        null,
        1,
        null,
        1,
        1,
        null,
        null,
        1,
        1,
        null,
        null,
        1,
        1,
        null,
        null,
        1,
        1,
        null,
        null,
        1,
        1,
        null,
        null,
        null,
        1,
        null,
        1,
        1,
        null,
        null,
        1,
        1,
        null,
        null,
        1,
        1,
        null,
        null,
        null,
        null,
        1,
        null,
        1,
        1,
        null,
        null,
        1,
        1,
        null,
        null,
        1,
        1,
        null,
        null,
        1,
        1,
        null,
        null,
        null,
        null,
        1,
        null,
        1,
        1,
        null,
        null,
        1,
        1,
        null,
        null,
        1,
        1,
        null,
        null,
        null,
        null,
        1,
        null,
        1,
        1,
        null,
        null,
        null,
        null,
        1,
        1,
        null,
        null,
        null,
        null,
        null,
        null,
        null
      ],
      "/home/xpuser/mauro-quaglia/cartesius/spec/lib/cartesius/support/cramer_spec.rb": [
        1,
        1,
        null,
        1,
        null,
        1,
        null,
        1,
        1,
        1,
        null,
        1,
        1,
        null,
        null,
        null,
        1,
        1,
        1,
        null,
        1,
        null,
        null,
        null,
        null,
        null,
        null,
        1,
        null,
        1,
        1,
        1,
        1,
        null,
        1,
        1,
        null,
        null,
        null,
        1,
        1,
        1,
        1,
        null,
        1,
        1,
        null,
        null,
        null,
        1,
        1,
        1,
        1,
        null,
        1,
        1,
        null,
        null,
        null,
        1,
        1,
        1,
        1,
        null,
        1,
        1,
        null,
        null,
        null,
        1,
        1,
        1,
        1,
        null,
        1,
        null,
        null,
        null,
        null,
        null,
        null,
        1,
        null,
        1,
        1,
        1,
        1,
        1,
        null,
        1,
        1,
        null,
        null,
        null,
        1,
        1,
        1,
        1,
        1,
        null,
        1,
        null,
        null,
        null,
        null,
        null,
        null,
        null
      ]
    },
    "timestamp": 1509461876
  }
}
